c:\users\15386\desktop\vs_shell\kvproject\kvremote-inject-tools\kvremote-inject-tools\x64\debug\kvremote-inject-tools.pch
c:\users\15386\desktop\vs_shell\kvproject\kvremote-inject-tools\kvremote-inject-tools\x64\debug\vc142.pdb
c:\users\15386\desktop\vs_shell\kvproject\kvremote-inject-tools\kvremote-inject-tools\x64\debug\vc142.idb
c:\users\15386\desktop\vs_shell\kvproject\kvremote-inject-tools\kvremote-inject-tools\x64\debug\pch.obj
c:\users\15386\desktop\vs_shell\kvproject\kvremote-inject-tools\kvremote-inject-tools\x64\debug\logger.obj
c:\users\15386\desktop\vs_shell\kvproject\kvremote-inject-tools\kvremote-inject-tools\x64\debug\kvremote-inject-toolsdlg.obj
c:\users\15386\desktop\vs_shell\kvproject\kvremote-inject-tools\kvremote-inject-tools\x64\debug\kvremote-inject-tools.obj
c:\users\15386\desktop\vs_shell\kvproject\kvremote-inject-tools\kvremote-inject-tools\x64\debug\currentmodulesdlg.obj
c:\users\15386\desktop\vs_shell\kvproject\kvremote-inject-tools\kvremote-inject-tools\x64\debug\kvremote-inject-tools.ilk
c:\users\15386\desktop\vs_shell\kvproject\kvremote-inject-tools\kvremote-inject-tools\x64\debug\kvremote-inject-tools.exe
c:\users\15386\desktop\vs_shell\kvproject\kvremote-inject-tools\kvremote-inject-tools\x64\debug\kvremote-inject-tools.pdb
c:\users\15386\desktop\vs_shell\kvproject\kvremote-inject-tools\kvremote-inject-tools\x64\debug\kvremoteinjecttools.res
c:\users\15386\desktop\vs_shell\kvproject\kvremote-inject-tools\kvremote-inject-tools\x64\debug\kvremote.f2a79c61.tlog\cl.command.1.tlog
c:\users\15386\desktop\vs_shell\kvproject\kvremote-inject-tools\kvremote-inject-tools\x64\debug\kvremote.f2a79c61.tlog\cl.read.1.tlog
c:\users\15386\desktop\vs_shell\kvproject\kvremote-inject-tools\kvremote-inject-tools\x64\debug\kvremote.f2a79c61.tlog\cl.write.1.tlog
c:\users\15386\desktop\vs_shell\kvproject\kvremote-inject-tools\kvremote-inject-tools\x64\debug\kvremote.f2a79c61.tlog\link.command.1.tlog
c:\users\15386\desktop\vs_shell\kvproject\kvremote-inject-tools\kvremote-inject-tools\x64\debug\kvremote.f2a79c61.tlog\link.read.1.tlog
c:\users\15386\desktop\vs_shell\kvproject\kvremote-inject-tools\kvremote-inject-tools\x64\debug\kvremote.f2a79c61.tlog\link.write.1.tlog
c:\users\15386\desktop\vs_shell\kvproject\kvremote-inject-tools\kvremote-inject-tools\x64\debug\kvremote.f2a79c61.tlog\rc.command.1.tlog
c:\users\15386\desktop\vs_shell\kvproject\kvremote-inject-tools\kvremote-inject-tools\x64\debug\kvremote.f2a79c61.tlog\rc.read.1.tlog
c:\users\15386\desktop\vs_shell\kvproject\kvremote-inject-tools\kvremote-inject-tools\x64\debug\kvremote.f2a79c61.tlog\rc.write.1.tlog
