e:\back\desktop\vs_shell\kvproject\kvremote-inject-tools\kvremote-inject-tools\kvremote.f2a79c61\x64\debug\kvremote-inject-tools.pch
e:\back\desktop\vs_shell\kvproject\kvremote-inject-tools\kvremote-inject-tools\kvremote.f2a79c61\x64\debug\vc143.pdb
e:\back\desktop\vs_shell\kvproject\kvremote-inject-tools\kvremote-inject-tools\kvremote.f2a79c61\x64\debug\vc143.idb
e:\back\desktop\vs_shell\kvproject\kvremote-inject-tools\kvremote-inject-tools\kvremote.f2a79c61\x64\debug\pch.obj
e:\back\desktop\vs_shell\kvproject\kvremote-inject-tools\kvremote-inject-tools\kvremote.f2a79c61\x64\debug\logger.obj
e:\back\desktop\vs_shell\kvproject\kvremote-inject-tools\kvremote-inject-tools\kvremote.f2a79c61\x64\debug\kvremote-inject-toolsdlg.obj
e:\back\desktop\vs_shell\kvproject\kvremote-inject-tools\kvremote-inject-tools\kvremote.f2a79c61\x64\debug\currentmodulesdlg.obj
e:\back\desktop\vs_shell\kvproject\kvremote-inject-tools\kvremote-inject-tools\kvremote.f2a79c61\x64\debug\kvremote-inject-tools.obj
e:\back\desktop\vs_shell\kvproject\kvremote-inject-tools\kvremote-inject-tools\x64\debug\kvremote-inject-tools.exe
e:\back\desktop\vs_shell\kvproject\kvremote-inject-tools\kvremote-inject-tools\x64\debug\kvremote-inject-tools.pdb
e:\back\desktop\vs_shell\kvproject\kvremote-inject-tools\kvremote-inject-tools\kvremote.f2a79c61\x64\debug\kvremoteinjecttools.res
e:\back\desktop\vs_shell\kvproject\kvremote-inject-tools\kvremote-inject-tools\kvremote.f2a79c61\x64\debug\kvremote-inject-tools.ilk
e:\back\desktop\vs_shell\kvproject\kvremote-inject-tools\kvremote-inject-tools\kvremote.f2a79c61\x64\debug\kvremote.f2a79c61.tlog\cl.command.1.tlog
e:\back\desktop\vs_shell\kvproject\kvremote-inject-tools\kvremote-inject-tools\kvremote.f2a79c61\x64\debug\kvremote.f2a79c61.tlog\cl.items.tlog
e:\back\desktop\vs_shell\kvproject\kvremote-inject-tools\kvremote-inject-tools\kvremote.f2a79c61\x64\debug\kvremote.f2a79c61.tlog\cl.read.1.tlog
e:\back\desktop\vs_shell\kvproject\kvremote-inject-tools\kvremote-inject-tools\kvremote.f2a79c61\x64\debug\kvremote.f2a79c61.tlog\cl.write.1.tlog
e:\back\desktop\vs_shell\kvproject\kvremote-inject-tools\kvremote-inject-tools\kvremote.f2a79c61\x64\debug\kvremote.f2a79c61.tlog\link.command.1.tlog
e:\back\desktop\vs_shell\kvproject\kvremote-inject-tools\kvremote-inject-tools\kvremote.f2a79c61\x64\debug\kvremote.f2a79c61.tlog\link.read.1.tlog
e:\back\desktop\vs_shell\kvproject\kvremote-inject-tools\kvremote-inject-tools\kvremote.f2a79c61\x64\debug\kvremote.f2a79c61.tlog\link.secondary.1.tlog
e:\back\desktop\vs_shell\kvproject\kvremote-inject-tools\kvremote-inject-tools\kvremote.f2a79c61\x64\debug\kvremote.f2a79c61.tlog\link.write.1.tlog
e:\back\desktop\vs_shell\kvproject\kvremote-inject-tools\kvremote-inject-tools\kvremote.f2a79c61\x64\debug\kvremote.f2a79c61.tlog\rc.command.1.tlog
e:\back\desktop\vs_shell\kvproject\kvremote-inject-tools\kvremote-inject-tools\kvremote.f2a79c61\x64\debug\kvremote.f2a79c61.tlog\rc.read.1.tlog
e:\back\desktop\vs_shell\kvproject\kvremote-inject-tools\kvremote-inject-tools\kvremote.f2a79c61\x64\debug\kvremote.f2a79c61.tlog\rc.write.1.tlog
